Build started 10/15/2015 12:28:34 AM.
     1>Project "C:\Users\NutCase\Desktop\Hw03\NYUCodebase\NYUCodebase.vcxproj" on node 2 (Build target(s)).
     1>ClCompile:
         C:\Program Files (x86)\Microsoft Visual Studio 12.0\VC\bin\CL.exe /c /IC:\SDL2\include /IC:\SDL2_image\include /IC:\glew\include /IC:\SDL2_mixer\include /ZI /nologo /W3 /WX- /sdl /Od /Oy- /D _WINDOWS /D _MBCS /D _MBCS /Gm /EHsc /RTC1 /MDd /GS /fp:precise /Zc:wchar_t /Zc:forScope /Fo"Debug\\" /Fd"Debug\vc120.pdb" /Gd /TP /analyze- /errorReport:prompt main.cpp
         main.cpp
     1>c:\users\nutcase\desktop\hw03\nyucodebase\main.cpp(85): warning C4305: 'initializing' : truncation from 'double' to 'float'
     1>c:\users\nutcase\desktop\hw03\nyucodebase\main.cpp(86): warning C4244: 'argument' : conversion from 'time_t' to 'unsigned int', possible loss of data
     1>c:\users\nutcase\desktop\hw03\nyucodebase\main.cpp(89): warning C4244: 'initializing' : conversion from 'int' to 'float', possible loss of data
     1>c:\users\nutcase\desktop\hw03\nyucodebase\main.cpp(90): warning C4244: 'initializing' : conversion from 'int' to 'float', possible loss of data
     1>c:\users\nutcase\desktop\hw03\nyucodebase\main.cpp(91): warning C4305: 'argument' : truncation from 'double' to 'float'
     1>c:\users\nutcase\desktop\hw03\nyucodebase\main.cpp(108): warning C4244: '=' : conversion from 'double' to 'float', possible loss of data
     1>c:\users\nutcase\desktop\hw03\nyucodebase\main.cpp(111): warning C4244: '=' : conversion from 'double' to 'float', possible loss of data
     1>c:\users\nutcase\desktop\hw03\nyucodebase\main.cpp(113): warning C4244: '=' : conversion from 'double' to 'float', possible loss of data
     1>c:\users\nutcase\desktop\hw03\nyucodebase\main.cpp(116): warning C4305: 'argument' : truncation from 'double' to 'float'
     1>c:\users\nutcase\desktop\hw03\nyucodebase\main.cpp(120): warning C4244: '-=' : conversion from 'float' to 'int', possible loss of data
     1>c:\users\nutcase\desktop\hw03\nyucodebase\main.cpp(131): warning C4305: 'argument' : truncation from 'double' to 'float'
     1>c:\users\nutcase\desktop\hw03\nyucodebase\main.cpp(135): warning C4244: '-=' : conversion from 'float' to 'int', possible loss of data
     1>c:\users\nutcase\desktop\hw03\nyucodebase\main.cpp(296): warning C4018: '<' : signed/unsigned mismatch
     1>c:\users\nutcase\desktop\hw03\nyucodebase\main.cpp(297): warning C4305: 'argument' : truncation from 'double' to 'float'
     1>c:\users\nutcase\desktop\hw03\nyucodebase\main.cpp(323): warning C4244: '=' : conversion from 'double' to 'float', possible loss of data
     1>c:\users\nutcase\desktop\hw03\nyucodebase\main.cpp(328): warning C4244: '=' : conversion from 'double' to 'float', possible loss of data
     1>c:\users\nutcase\desktop\hw03\nyucodebase\main.cpp(353): warning C4244: 'argument' : conversion from 'float' to 'GLsizei', possible loss of data
     1>c:\users\nutcase\desktop\hw03\nyucodebase\main.cpp(360): warning C4018: '<' : signed/unsigned mismatch
     1>c:\users\nutcase\desktop\hw03\nyucodebase\main.cpp(362): warning C4305: 'initializing' : truncation from 'double' to 'float'
     1>c:\users\nutcase\desktop\hw03\nyucodebase\main.cpp(363): warning C4305: 'initializing' : truncation from 'double' to 'float'
     1>c:\users\nutcase\desktop\hw03\nyucodebase\main.cpp(364): warning C4244: 'initializing' : conversion from 'double' to 'float', possible loss of data
     1>c:\users\nutcase\desktop\hw03\nyucodebase\main.cpp(366): warning C4244: 'initializing' : conversion from 'double' to 'float', possible loss of data
     1>c:\users\nutcase\desktop\hw03\nyucodebase\main.cpp(367): warning C4244: 'initializing' : conversion from 'double' to 'float', possible loss of data
     1>c:\users\nutcase\desktop\hw03\nyucodebase\main.cpp(384): warning C4305: 'argument' : truncation from 'double' to 'float'
     1>c:\users\nutcase\desktop\hw03\nyucodebase\main.cpp(393): warning C4018: '<' : signed/unsigned mismatch
     1>c:\users\nutcase\desktop\hw03\nyucodebase\main.cpp(395): warning C4305: 'initializing' : truncation from 'double' to 'float'
     1>c:\users\nutcase\desktop\hw03\nyucodebase\main.cpp(396): warning C4305: 'initializing' : truncation from 'double' to 'float'
     1>c:\users\nutcase\desktop\hw03\nyucodebase\main.cpp(397): warning C4244: 'initializing' : conversion from 'double' to 'float', possible loss of data
     1>c:\users\nutcase\desktop\hw03\nyucodebase\main.cpp(399): warning C4244: 'initializing' : conversion from 'double' to 'float', possible loss of data
     1>c:\users\nutcase\desktop\hw03\nyucodebase\main.cpp(400): warning C4244: 'initializing' : conversion from 'double' to 'float', possible loss of data
     1>c:\users\nutcase\desktop\hw03\nyucodebase\main.cpp(417): warning C4305: 'argument' : truncation from 'double' to 'float'
     1>c:\users\nutcase\desktop\hw03\nyucodebase\main.cpp(564): warning C4244: 'initializing' : conversion from 'double' to 'float', possible loss of data
     1>c:\users\nutcase\desktop\hw03\nyucodebase\main.cpp(565): warning C4244: 'initializing' : conversion from 'double' to 'float', possible loss of data
     1>c:\users\nutcase\desktop\hw03\nyucodebase\main.cpp(567): warning C4305: 'initializing' : truncation from 'double' to 'float'
     1>c:\users\nutcase\desktop\hw03\nyucodebase\main.cpp(568): warning C4305: 'initializing' : truncation from 'double' to 'float'
     1>c:\users\nutcase\desktop\hw03\nyucodebase\main.cpp(586): warning C4305: 'argument' : truncation from 'double' to 'float'
     1>c:\users\nutcase\desktop\hw03\nyucodebase\main.cpp(603): warning C4305: 'initializing' : truncation from 'double' to 'float'
     1>c:\users\nutcase\desktop\hw03\nyucodebase\main.cpp(604): warning C4305: 'initializing' : truncation from 'double' to 'float'
     1>c:\users\nutcase\desktop\hw03\nyucodebase\main.cpp(605): warning C4244: 'initializing' : conversion from 'double' to 'float', possible loss of data
     1>c:\users\nutcase\desktop\hw03\nyucodebase\main.cpp(607): warning C4244: 'initializing' : conversion from 'double' to 'float', possible loss of data
     1>c:\users\nutcase\desktop\hw03\nyucodebase\main.cpp(608): warning C4244: 'initializing' : conversion from 'double' to 'float', possible loss of data
     1>c:\users\nutcase\desktop\hw03\nyucodebase\main.cpp(638): warning C4305: 'initializing' : truncation from 'double' to 'float'
     1>c:\users\nutcase\desktop\hw03\nyucodebase\main.cpp(639): warning C4305: 'initializing' : truncation from 'double' to 'float'
     1>c:\users\nutcase\desktop\hw03\nyucodebase\main.cpp(640): warning C4244: 'initializing' : conversion from 'double' to 'float', possible loss of data
     1>c:\users\nutcase\desktop\hw03\nyucodebase\main.cpp(642): warning C4244: 'initializing' : conversion from 'double' to 'float', possible loss of data
     1>c:\users\nutcase\desktop\hw03\nyucodebase\main.cpp(643): warning C4244: 'initializing' : conversion from 'double' to 'float', possible loss of data
       Link:
         C:\Program Files (x86)\Microsoft Visual Studio 12.0\VC\bin\link.exe /ERRORREPORT:PROMPT /OUT:"C:\Users\NutCase\Desktop\Hw03\Debug\NYUCodebase.exe" /INCREMENTAL /NOLOGO /LIBPATH:C:\SDL2_mixer\lib\x86 /LIBPATH:C:\SDL2\lib\x86 /LIBPATH:C:\SDL2_image\lib\x86 /LIBPATH:C:\glew\lib\Release\Win32 SDL2.lib SDL2_mixer.lib glew32.lib SDL2main.lib SDL2_image.lib OpenGL32.lib /MANIFEST /MANIFESTUAC:"level='asInvoker' uiAccess='false'" /manifest:embed /DEBUG /PDB:"C:\Users\NutCase\Desktop\Hw03\Debug\NYUCodebase.pdb" /SUBSYSTEM:WINDOWS /TLBID:1 /DYNAMICBASE /NXCOMPAT /IMPLIB:"C:\Users\NutCase\Desktop\Hw03\Debug\NYUCodebase.lib" /MACHINE:X86 Debug\main.obj
         Debug\Matrix.obj
         Debug\ShaderProgram.obj
         NYUCodebase.vcxproj -> C:\Users\NutCase\Desktop\Hw03\Debug\NYUCodebase.exe
     1>Done Building Project "C:\Users\NutCase\Desktop\Hw03\NYUCodebase\NYUCodebase.vcxproj" (Build target(s)).

Build succeeded.

Time Elapsed 00:00:07.15
