Build started 11/14/2015 5:09:57 PM.
     1>Project "C:\Users\NutCase\Desktop\GameProgramminghw-GameProgrammingHw2\Game Programming hw#3\NYUCodebase\NYUCodebase\NYUCodebase.vcxproj" on node 2 (Build target(s)).
     1>ClCompile:
         C:\Program Files (x86)\Microsoft Visual Studio 12.0\VC\bin\CL.exe /c /IC:\SDL2\include /IC:\SDL2_image\include /IC:\glew\include /IC:\SDL2_mixer\include /ZI /nologo /W3 /WX- /sdl /Od /Oy- /D _WINDOWS /D _MBCS /D _MBCS /Gm /EHsc /RTC1 /MDd /GS /fp:precise /Zc:wchar_t /Zc:forScope /Fo"Debug\\" /Fd"Debug\vc120.pdb" /Gd /TP /analyze- /errorReport:prompt SheetSprite.cpp ClassDemoApp.cpp main.cpp Matrix.cpp MyEntity.cpp ShaderProgram.cpp
         ShaderProgram.cpp
         MyEntity.cpp
     1>c:\users\nutcase\desktop\gameprogramminghw-gameprogramminghw2\game programming hw#3\nyucodebase\nyucodebase\myentity.cpp(10): warning C4244: 'initializing' : conversion from 'double' to 'float', possible loss of data
         Matrix.cpp
     1>c:\users\nutcase\desktop\gameprogramminghw-gameprogramminghw2\game programming hw#3\nyucodebase\nyucodebase\matrix.cpp(213): warning C4244: 'argument' : conversion from 'double' to 'float', possible loss of data
     1>c:\users\nutcase\desktop\gameprogramminghw-gameprogramminghw2\game programming hw#3\nyucodebase\nyucodebase\matrix.cpp(214): warning C4244: 'argument' : conversion from 'double' to 'float', possible loss of data
         main.cpp
         ClassDemoApp.cpp
         SheetSprite.cpp
         Generating Code...
       Link:
         C:\Program Files (x86)\Microsoft Visual Studio 12.0\VC\bin\link.exe /ERRORREPORT:PROMPT /OUT:"C:\Users\NutCase\Desktop\GameProgramminghw-GameProgrammingHw2\Game Programming hw#3\NYUCodebase\Debug\NYUCodebase.exe" /INCREMENTAL /NOLOGO /LIBPATH:C:\SDL2_mixer\lib\x86 /LIBPATH:C:\SDL2\lib\x86 /LIBPATH:C:\SDL2_image\lib\x86 /LIBPATH:C:\glew\lib\Release\Win32 SDL2.lib SDL2_mixer.lib glew32.lib SDL2main.lib SDL2_image.lib OpenGL32.lib /MANIFEST /MANIFESTUAC:"level='asInvoker' uiAccess='false'" /manifest:embed /DEBUG /PDB:"C:\Users\NutCase\Desktop\GameProgramminghw-GameProgrammingHw2\Game Programming hw#3\NYUCodebase\Debug\NYUCodebase.pdb" /SUBSYSTEM:WINDOWS /TLBID:1 /DYNAMICBASE /NXCOMPAT /IMPLIB:"C:\Users\NutCase\Desktop\GameProgramminghw-GameProgrammingHw2\Game Programming hw#3\NYUCodebase\Debug\NYUCodebase.lib" /MACHINE:X86 Debug\SheetSprite.obj
         Debug\ClassDemoApp.obj
         Debug\main.obj
         Debug\Matrix.obj
         Debug\MyEntity.obj
         Debug\ShaderProgram.obj
     1>MSVCRTD.lib(cinitexe.obj) : warning LNK4098: defaultlib 'msvcrt.lib' conflicts with use of other libs; use /NODEFAULTLIB:library
         NYUCodebase.vcxproj -> C:\Users\NutCase\Desktop\GameProgramminghw-GameProgrammingHw2\Game Programming hw#3\NYUCodebase\Debug\NYUCodebase.exe
     1>Done Building Project "C:\Users\NutCase\Desktop\GameProgramminghw-GameProgrammingHw2\Game Programming hw#3\NYUCodebase\NYUCodebase\NYUCodebase.vcxproj" (Build target(s)).

Build succeeded.

Time Elapsed 00:00:54.29
