Build started 9/30/2015 9:56:01 AM.
     1>Project "C:\Users\NutCase\Desktop\HW02\NYUCodebase\NYUCodebase.vcxproj" on node 2 (Build target(s)).
     1>ClCompile:
         C:\Program Files (x86)\Microsoft Visual Studio 12.0\VC\bin\CL.exe /c /IC:\SDL2\include /IC:\SDL2_image\include /IC:\glew\include /IC:\SDL2_mixer\include /ZI /nologo /W3 /WX- /sdl /Od /Oy- /D _WINDOWS /D _MBCS /D _MBCS /Gm /EHsc /RTC1 /MDd /GS /fp:precise /Zc:wchar_t /Zc:forScope /Fo"Debug\\" /Fd"Debug\vc120.pdb" /Gd /TP /analyze- /errorReport:prompt main.cpp
         main.cpp
     1>c:\users\nutcase\desktop\hw02\nyucodebase\main.cpp(66): warning C4305: '=' : truncation from 'double' to 'float'
     1>c:\users\nutcase\desktop\hw02\nyucodebase\main.cpp(71): warning C4305: '=' : truncation from 'double' to 'float'
     1>c:\users\nutcase\desktop\hw02\nyucodebase\main.cpp(78): warning C4305: '=' : truncation from 'double' to 'float'
     1>c:\users\nutcase\desktop\hw02\nyucodebase\main.cpp(83): warning C4305: '=' : truncation from 'double' to 'float'
     1>c:\users\nutcase\desktop\hw02\nyucodebase\main.cpp(97): warning C4244: '+=' : conversion from 'double' to 'float', possible loss of data
     1>c:\users\nutcase\desktop\hw02\nyucodebase\main.cpp(98): warning C4244: '+=' : conversion from 'double' to 'float', possible loss of data
     1>c:\users\nutcase\desktop\hw02\nyucodebase\main.cpp(175): warning C4244: 'argument' : conversion from 'float' to 'GLsizei', possible loss of data
       Link:
         C:\Program Files (x86)\Microsoft Visual Studio 12.0\VC\bin\link.exe /ERRORREPORT:PROMPT /OUT:"C:\Users\NutCase\Desktop\HW02\Debug\NYUCodebase.exe" /INCREMENTAL /NOLOGO /LIBPATH:C:\SDL2_mixer\lib\x86 /LIBPATH:C:\SDL2\lib\x86 /LIBPATH:C:\SDL2_image\lib\x86 /LIBPATH:C:\glew\lib\Release\Win32 SDL2.lib SDL2_mixer.lib glew32.lib SDL2main.lib SDL2_image.lib OpenGL32.lib /MANIFEST /MANIFESTUAC:"level='asInvoker' uiAccess='false'" /manifest:embed /DEBUG /PDB:"C:\Users\NutCase\Desktop\HW02\Debug\NYUCodebase.pdb" /SUBSYSTEM:WINDOWS /TLBID:1 /DYNAMICBASE /NXCOMPAT /IMPLIB:"C:\Users\NutCase\Desktop\HW02\Debug\NYUCodebase.lib" /MACHINE:X86 Debug\Game.obj
         Debug\main.obj
         Debug\Matrix.obj
         Debug\ShaderProgram.obj
         NYUCodebase.vcxproj -> C:\Users\NutCase\Desktop\HW02\Debug\NYUCodebase.exe
     1>Done Building Project "C:\Users\NutCase\Desktop\HW02\NYUCodebase\NYUCodebase.vcxproj" (Build target(s)).

Build succeeded.

Time Elapsed 00:00:04.69
